<?xml version="1.0" encoding="UTF-8"?>
<testsuite name="com.igordias.appium.FeatureCadastro" tests="2" skipped="0" failures="0" errors="0" timestamp="2021-11-11T21:14:43" hostname="Igors-MacBook-Pro.local" time="16.947">
  <properties/>
  <testcase name="When the user try to sign up with different passwords, then show me a error message 'Senhas nÃ£o conferem'" classname="com.igordias.appium.FeatureCadastro" time="12.498"/>
  <testcase name="When the user try to sign up with equals passwords, then the user is redirect to the home page" classname="com.igordias.appium.FeatureCadastro" time="4.448"/>
  <system-out><![CDATA[]]></system-out>
  <system-err><![CDATA[Nov 11, 2021 5:14:51 PM io.appium.java_client.remote.AppiumCommandExecutor$1 lambda$0
INFO: Detected dialect: W3C
]]></system-err>
</testsuite>
