<?xml version="1.0" encoding="UTF-8"?>
<testsuite name="com.igordias.appium.FeatureCadastro" tests="2" skipped="0" failures="0" errors="0" timestamp="2021-11-13T14:32:03" hostname="Igors-MacBook-Pro.local" time="20.796">
  <properties/>
  <testcase name="When the user try to sign up with different passwords, then show me a error message 'Senhas nÃ£o conferem'" classname="com.igordias.appium.FeatureCadastro" time="16.351"/>
  <testcase name="When the user try to sign up with equals passwords, then the user is redirect to the home page" classname="com.igordias.appium.FeatureCadastro" time="4.443"/>
  <system-out><![CDATA[]]></system-out>
  <system-err><![CDATA[Nov 13, 2021 10:32:14 AM io.appium.java_client.remote.AppiumCommandExecutor$1 lambda$0
INFO: Detected dialect: W3C
]]></system-err>
</testsuite>
