<?xml version="1.0" encoding="UTF-8"?>
<testsuite name="com.igordias.appium.FeatureCadastro" tests="1" skipped="0" failures="0" errors="0" timestamp="2021-11-13T14:44:24" hostname="Igors-MacBook-Pro.local" time="16.876">
  <properties/>
  <testcase name="When the user try to sign up with different passwords, then show me a error message 'Senhas nÃ£o conferem'" classname="com.igordias.appium.FeatureCadastro" time="16.876"/>
  <system-out><![CDATA[]]></system-out>
  <system-err><![CDATA[Nov 13, 2021 10:44:36 AM io.appium.java_client.remote.AppiumCommandExecutor$1 lambda$0
INFO: Detected dialect: W3C
]]></system-err>
</testsuite>
