<?xml version="1.0" encoding="UTF-8"?>
<testsuite name="com.igordias.appium.FeatureCadastro" tests="1" skipped="0" failures="0" errors="0" timestamp="2021-11-11T19:58:06" hostname="Igors-MacBook-Pro.local" time="12.072">
  <properties/>
  <testcase name="When the user try to sign up with different passwords, then show me a error message 'Senhas nÃ£o conferem'" classname="com.igordias.appium.FeatureCadastro" time="12.072"/>
  <system-out><![CDATA[]]></system-out>
  <system-err><![CDATA[Nov 11, 2021 3:58:14 PM io.appium.java_client.remote.AppiumCommandExecutor$1 lambda$0
INFO: Detected dialect: W3C
]]></system-err>
</testsuite>
